<?xml version="1.0" encoding="UTF-8"?>
<coverage generated="1723365593234" clover="3.2.0">
  <project timestamp="1723365593234" name="All files">
    <metrics statements="4" coveredstatements="4" conditionals="0" coveredconditionals="0" methods="2" coveredmethods="2" elements="6" coveredelements="6" complexity="0" loc="4" ncloc="4" packages="1" files="1" classes="1"/>
    <file name="MonumentsController.ts" path="C:\Users\gowet\Desktop\Crafting-guillem\modulo-2\week-5\w5-monuments-guillem\src\monument\controller\MonumentsControler\MonumentsController.ts">
      <metrics statements="4" coveredstatements="4" conditionals="0" coveredconditionals="0" methods="2" coveredmethods="2"/>
      <line num="6" count="1" type="stmt"/>
      <line num="8" count="1" type="stmt"/>
      <line num="9" count="2" type="stmt"/>
      <line num="13" count="1" type="stmt"/>
    </file>
  </project>
</coverage>
