{"C:\\Users\\gowet\\Desktop\\Crafting-guillem\\modulo-2\\week-5\\w5-monuments-guillem\\src\\monument\\controller\\MonumentsControler\\MonumentsController.ts": {"path":"C:\\Users\\gowet\\Desktop\\Crafting-guillem\\modulo-2\\week-5\\w5-monuments-guillem\\src\\monument\\controller\\MonumentsControler\\MonumentsController.ts","statementMap":{"0":{"start":{"line":6,"column":23},"end":{"line":6,"column":44}},"1":{"start":{"line":8,"column":17},"end":{"line":10,"column":3}},"2":{"start":{"line":9,"column":4},"end":{"line":9,"column":56}},"3":{"start":{"line":13,"column":0},"end":{"line":13,"column":35}}},"fnMap":{"0":{"name":"(anonymous_0)","decl":{"start":{"line":6,"column":2},"end":{"line":6,"column":23}},"loc":{"start":{"line":6,"column":44},"end":{"line":6,"column":48}}},"1":{"name":"(anonymous_1)","decl":{"start":{"line":8,"column":17},"end":{"line":8,"column":18}},"loc":{"start":{"line":8,"column":56},"end":{"line":10,"column":3}}}},"branchMap":{},"s":{"0":1,"1":1,"2":2,"3":1},"f":{"0":1,"1":2},"b":{}}
}
